TN:
SF:src/db.js
FN:7,(anonymous_6)
FN:7,_callee
FN:7,getUserByUsername
FNF:3
FNH:1
FNDA:1,(anonymous_6)
FNDA:0,_callee
FNDA:0,getUserByUsername
DA:1,1
DA:3,1
DA:7,3
DA:8,0
DA:17,0
DA:19,0
DA:21,0
DA:26,1
LF:8
LH:4
BRDA:4,0,0,1
BRDA:4,0,1,0
BRDA:7,1,0,0
BRDA:7,1,1,0
BRDA:7,1,2,0
BRDA:7,1,3,0
BRDA:7,1,4,0
BRF:7
BRH:1
end_of_record
TN:
SF:src/mocha-setup.js
FNF:0
FNH:0
DA:1,1
DA:3,1
DA:4,1
DA:5,1
LF:4
LH:4
BRF:0
BRH:0
end_of_record
TN:
SF:src/server.js
FN:6,(anonymous_7)
FN:6,_callee
FNF:2
FNH:2
FNDA:4,(anonymous_7)
FNDA:9,_callee
DA:1,1
DA:2,1
DA:4,1
DA:6,35
DA:7,3
DA:9,2
DA:10,2
DA:11,1
DA:13,1
DA:16,1
LF:10
LH:10
BRDA:6,0,0,3
BRDA:6,0,1,2
BRDA:6,0,2,1
BRDA:6,0,3,3
BRDA:6,0,4,3
BRDA:10,1,0,1
BRDA:10,1,1,1
BRF:7
BRH:7
end_of_record
TN:
SF:src/test-helpers.js
FN:3,(anonymous_6)
FN:3,_callee
FN:3,setDatabaseData
FN:18,(anonymous_10)
FN:18,_callee2
FN:18,getDatabaseData
FN:35,(anonymous_14)
FN:35,_callee3
FN:35,resetDatabase
FNF:9
FNH:7
FNDA:1,(anonymous_6)
FNDA:3,_callee
FNDA:1,setDatabaseData
FNDA:1,(anonymous_10)
FNDA:0,_callee2
FNDA:0,getDatabaseData
FNDA:1,(anonymous_14)
FNDA:3,_callee3
FNDA:1,resetDatabase
DA:1,1
DA:3,8
DA:4,0
DA:11,0
DA:15,0
DA:18,3
DA:19,0
DA:26,0
DA:28,0
DA:30,0
DA:35,8
DA:36,0
DA:43,0
DA:47,0
LF:14
LH:4
BRDA:3,0,0,1
BRDA:3,0,1,0
BRDA:3,0,2,0
BRDA:3,0,3,0
BRDA:3,0,4,1
BRDA:18,1,0,0
BRDA:18,1,1,0
BRDA:18,1,2,0
BRDA:18,1,3,0
BRDA:18,1,4,0
BRDA:35,2,0,1
BRDA:35,2,1,0
BRDA:35,2,2,0
BRDA:35,2,3,0
BRDA:35,2,4,1
BRF:15
BRH:4
end_of_record
